<?xml version="1.0" encoding="UTF-8"?>
<testng-results ignored="0" total="1" passed="1" failed="0" skipped="0">
  <reporter-output>
  </reporter-output>
  <suite started-at="2021-03-25T03:35:47 EET" name="Default suite" finished-at="2021-03-25T03:35:50 EET" duration-ms="3693">
    <groups>
    </groups>
    <test started-at="2021-03-25T03:35:47 EET" name="Default test" finished-at="2021-03-25T03:35:50 EET" duration-ms="3693">
      <class name="TestA_Products">
        <test-method signature="test_PostProductswithoutRequiredName()[pri:0, instance:TestA_Products@5f683daf]" started-at="2021-03-25T03:35:47 EET" name="test_PostProductswithoutRequiredName" finished-at="2021-03-25T03:35:50 EET" duration-ms="3636" status="PASS">
          <reporter-output>
          </reporter-output>
        </test-method> <!-- test_PostProductswithoutRequiredName -->
      </class> <!-- TestA_Products -->
    </test> <!-- Default test -->
  </suite> <!-- Default suite -->
</testng-results>
